Building DAG of jobs...
Provided cores: 1 (use --cores to define parallelism)
Rules claiming more threads will be scaled down.
Job stats:
job                 count    min threads    max threads
----------------  -------  -------------  -------------
get_station_data        1              1              1
total                   1              1              1

Select jobs to execute...

[Sat Feb 11 10:49:25 2023]
rule get_station_data:
    input: results/scripts/get_ghcn_data.bash
    output: results/data/raw/ghcnd-stations.txt
    jobid: 0
    reason: Missing output files: results/data/raw/ghcnd-stations.txt
    resources: tmpdir=C:\Users\ra93zoz\AppData\Local\Temp

[Sat Feb 11 10:49:25 2023]
Error in rule get_station_data:
    jobid: 0
    input: results/scripts/get_ghcn_data.bash
    output: results/data/raw/ghcnd-stations.txt
    shell:
        
        results/scripts/get_ghcn_data.bash ghcnd-stations.txt
        
        (one of the commands exited with non-zero exit code; note that snakemake uses bash strict mode!)

Shutting down, this might take some time.
Exiting because a job execution failed. Look above for error message
Complete log: .snakemake\log\2023-02-11T104925.117994.snakemake.log
